<!DOCTYPE html>
<html>
<head>
<meta http-equiv="Content-Type" content="text/html; charset=utf-8"/>
<meta http-equiv="x-ua-compatible" content="IE=edge"/>
<title>Test results - Class ev3dev.sensors.ev3.EV3GyroSensorTest</title>
<link href="../css/base-style.css" rel="stylesheet" type="text/css"/>
<link href="../css/style.css" rel="stylesheet" type="text/css"/>
<script src="../js/report.js" type="text/javascript"></script>
</head>
<body>
<div id="content">
<h1>Class ev3dev.sensors.ev3.EV3GyroSensorTest</h1>
<div class="breadcrumbs">
<a href="../index.html">all</a> &gt; 
<a href="../packages/ev3dev.sensors.ev3.html">ev3dev.sensors.ev3</a> &gt; EV3GyroSensorTest</div>
<div id="summary">
<table>
<tr>
<td>
<div class="summaryGroup">
<table>
<tr>
<td>
<div class="infoBox" id="tests">
<div class="counter">7</div>
<p>tests</p>
</div>
</td>
<td>
<div class="infoBox" id="failures">
<div class="counter">0</div>
<p>failures</p>
</div>
</td>
<td>
<div class="infoBox" id="ignored">
<div class="counter">2</div>
<p>ignored</p>
</div>
</td>
<td>
<div class="infoBox" id="duration">
<div class="counter">2.486s</div>
<p>duration</p>
</div>
</td>
</tr>
</table>
</div>
</td>
<td>
<div class="infoBox skipped" id="successRate">
<div class="percent">100%</div>
<p>successful</p>
</div>
</td>
</tr>
</table>
</div>
<div id="tabs">
<ul class="tabLinks">
<li>
<a href="#tab0">Tests</a>
</li>
<li>
<a href="#tab1">Standard output</a>
</li>
</ul>
<div id="tab0" class="tab">
<h2>Tests</h2>
<table>
<thead>
<tr>
<th>Test</th>
<th>Duration</th>
<th>Result</th>
</tr>
</thead>
<tr>
<td class="success">getAngleAndRateModeTest</td>
<td class="success">0.410s</td>
<td class="success">passed</td>
</tr>
<tr>
<td class="success">getAngleModeTest</td>
<td class="success">0.425s</td>
<td class="success">passed</td>
</tr>
<tr>
<td class="skipped">getAvailableModes</td>
<td class="skipped">-</td>
<td class="skipped">ignored</td>
</tr>
<tr>
<td class="success">getRateModeTest</td>
<td class="success">0.412s</td>
<td class="success">passed</td>
</tr>
<tr>
<td class="skipped">getSensorNameTest</td>
<td class="skipped">-</td>
<td class="skipped">ignored</td>
</tr>
<tr>
<td class="success">negativeAngleTest</td>
<td class="success">0.411s</td>
<td class="success">passed</td>
</tr>
<tr>
<td class="success">resetModeTest</td>
<td class="success">0.827s</td>
<td class="success">passed</td>
</tr>
</table>
</div>
<div id="tab1" class="tab">
<h2>Standard output</h2>
<span class="code">
<pre>2021-08-08 15:40:28 [Test worker] INFO  fake_ev3dev.BaseElement - Switching to EV3Dev testing infrastructure
2021-08-08 15:40:28 [Test worker] TRACE fake_ev3dev.BaseElement - Removing previous fileSystem infrastructure
2021-08-08 15:40:28 [Test worker] DEBUG fake_ev3dev.BaseElement - Created Fake file system to implement devices for testing
2021-08-08 15:40:28 [Test worker] TRACE fake_ev3dev.BaseElement - Path created: /tmp/ev3dev_fake_system
2021-08-08 15:40:28 [Test worker] INFO  fake_ev3dev.BaseElement - 
2021-08-08 15:40:28 [Test worker] INFO  f.ev3dev.sensors.FakeBattery - Adding a Battery device in the FileSystem for: EV3BRICK
2021-08-08 15:40:28 [Test worker] TRACE fake_ev3dev.BaseElement - Creating path: /tmp/ev3dev_fake_system/power_supply/lego-ev3-battery
2021-08-08 15:40:28 [Test worker] DEBUG ev3dev.utils.Shell - Command: tree /tmp/ev3dev_fake_system
2021-08-08 15:40:28 [Test worker] WARN  ev3dev.utils.Shell - Cannot run program &quot;tree&quot;: error=2, Bestand of map bestaat niet
java.io.IOException: Cannot run program &quot;tree&quot;: error=2, Bestand of map bestaat niet
	at java.base/java.lang.ProcessBuilder.start(ProcessBuilder.java:1128)
	at java.base/java.lang.ProcessBuilder.start(ProcessBuilder.java:1071)
	at java.base/java.lang.Runtime.exec(Runtime.java:592)
	at java.base/java.lang.Runtime.exec(Runtime.java:416)
	at java.base/java.lang.Runtime.exec(Runtime.java:313)
	at ev3dev.utils.Shell.execute(Shell.java:32)
	at fake_ev3dev.ev3dev.sensors.FakeBattery.&lt;init&gt;(FakeBattery.java:63)
	at ev3dev.sensors.ev3.EV3GyroSensorTest.resetModeTest(EV3GyroSensorTest.java:140)
	at java.base/jdk.internal.reflect.NativeMethodAccessorImpl.invoke0(Native Method)
	at java.base/jdk.internal.reflect.NativeMethodAccessorImpl.invoke(NativeMethodAccessorImpl.java:62)
	at java.base/jdk.internal.reflect.DelegatingMethodAccessorImpl.invoke(DelegatingMethodAccessorImpl.java:43)
	at java.base/java.lang.reflect.Method.invoke(Method.java:566)
	at org.junit.runners.model.FrameworkMethod$1.runReflectiveCall(FrameworkMethod.java:50)
	at org.junit.internal.runners.model.ReflectiveCallable.run(ReflectiveCallable.java:12)
	at org.junit.runners.model.FrameworkMethod.invokeExplosively(FrameworkMethod.java:47)
	at org.junit.internal.runners.statements.InvokeMethod.evaluate(InvokeMethod.java:17)
	at org.junit.internal.runners.statements.RunBefores.evaluate(RunBefores.java:26)
	at org.junit.runners.ParentRunner.runLeaf(ParentRunner.java:325)
	at org.junit.runners.BlockJUnit4ClassRunner.runChild(BlockJUnit4ClassRunner.java:78)
	at org.junit.runners.BlockJUnit4ClassRunner.runChild(BlockJUnit4ClassRunner.java:57)
	at org.junit.runners.ParentRunner$3.run(ParentRunner.java:290)
	at org.junit.runners.ParentRunner$1.schedule(ParentRunner.java:71)
	at org.junit.runners.ParentRunner.runChildren(ParentRunner.java:288)
	at org.junit.runners.ParentRunner.access$000(ParentRunner.java:58)
	at org.junit.runners.ParentRunner$2.evaluate(ParentRunner.java:268)
	at org.junit.runners.ParentRunner.run(ParentRunner.java:363)
	at org.gradle.api.internal.tasks.testing.junit.JUnitTestClassExecutor.runTestClass(JUnitTestClassExecutor.java:110)
	at org.gradle.api.internal.tasks.testing.junit.JUnitTestClassExecutor.execute(JUnitTestClassExecutor.java:58)
	at org.gradle.api.internal.tasks.testing.junit.JUnitTestClassExecutor.execute(JUnitTestClassExecutor.java:38)
	at org.gradle.api.internal.tasks.testing.junit.AbstractJUnitTestClassProcessor.processTestClass(AbstractJUnitTestClassProcessor.java:62)
	at org.gradle.api.internal.tasks.testing.SuiteTestClassProcessor.processTestClass(SuiteTestClassProcessor.java:51)
	at java.base/jdk.internal.reflect.NativeMethodAccessorImpl.invoke0(Native Method)
	at java.base/jdk.internal.reflect.NativeMethodAccessorImpl.invoke(NativeMethodAccessorImpl.java:62)
	at java.base/jdk.internal.reflect.DelegatingMethodAccessorImpl.invoke(DelegatingMethodAccessorImpl.java:43)
	at java.base/java.lang.reflect.Method.invoke(Method.java:566)
	at org.gradle.internal.dispatch.ReflectionDispatch.dispatch(ReflectionDispatch.java:36)
	at org.gradle.internal.dispatch.ReflectionDispatch.dispatch(ReflectionDispatch.java:24)
	at org.gradle.internal.dispatch.ContextClassLoaderDispatch.dispatch(ContextClassLoaderDispatch.java:33)
	at org.gradle.internal.dispatch.ProxyDispatchAdapter$DispatchingInvocationHandler.invoke(ProxyDispatchAdapter.java:94)
	at com.sun.proxy.$Proxy2.processTestClass(Unknown Source)
	at org.gradle.api.internal.tasks.testing.worker.TestWorker.processTestClass(TestWorker.java:118)
	at java.base/jdk.internal.reflect.NativeMethodAccessorImpl.invoke0(Native Method)
	at java.base/jdk.internal.reflect.NativeMethodAccessorImpl.invoke(NativeMethodAccessorImpl.java:62)
	at java.base/jdk.internal.reflect.DelegatingMethodAccessorImpl.invoke(DelegatingMethodAccessorImpl.java:43)
	at java.base/java.lang.reflect.Method.invoke(Method.java:566)
	at org.gradle.internal.dispatch.ReflectionDispatch.dispatch(ReflectionDispatch.java:36)
	at org.gradle.internal.dispatch.ReflectionDispatch.dispatch(ReflectionDispatch.java:24)
	at org.gradle.internal.remote.internal.hub.MessageHubBackedObjectConnection$DispatchWrapper.dispatch(MessageHubBackedObjectConnection.java:182)
	at org.gradle.internal.remote.internal.hub.MessageHubBackedObjectConnection$DispatchWrapper.dispatch(MessageHubBackedObjectConnection.java:164)
	at org.gradle.internal.remote.internal.hub.MessageHub$Handler.run(MessageHub.java:412)
	at org.gradle.internal.concurrent.ExecutorPolicy$CatchAndRecordFailures.onExecute(ExecutorPolicy.java:64)
	at org.gradle.internal.concurrent.ManagedExecutorImpl$1.run(ManagedExecutorImpl.java:48)
	at java.base/java.util.concurrent.ThreadPoolExecutor.runWorker(ThreadPoolExecutor.java:1128)
	at java.base/java.util.concurrent.ThreadPoolExecutor$Worker.run(ThreadPoolExecutor.java:628)
	at org.gradle.internal.concurrent.ThreadFactoryImpl$ManagedThreadRunnable.run(ThreadFactoryImpl.java:56)
	at java.base/java.lang.Thread.run(Thread.java:829)
Caused by: java.io.IOException: error=2, Bestand of map bestaat niet
	at java.base/java.lang.ProcessImpl.forkAndExec(Native Method)
	at java.base/java.lang.ProcessImpl.&lt;init&gt;(ProcessImpl.java:340)
	at java.base/java.lang.ProcessImpl.start(ProcessImpl.java:271)
	at java.base/java.lang.ProcessBuilder.start(ProcessBuilder.java:1107)
	... 55 common frames omitted
2021-08-08 15:40:28 [Test worker] INFO  f.ev3dev.sensors.FakeBattery - COMMAND_ERROR
2021-08-08 15:40:28 [Test worker] TRACE fake_ev3dev.BaseElement - Creating path: /tmp/ev3dev_fake_system/lego-sensor
2021-08-08 15:40:28 [Test worker] TRACE f.ev3dev.sensors.FakeLegoSensor - Creating ports: ev3-ports:in1
2021-08-08 15:40:28 [Test worker] TRACE fake_ev3dev.BaseElement - Creating path: /tmp/ev3dev_fake_system/lego-sensor/sensor1
2021-08-08 15:40:28 [Test worker] DEBUG ev3dev.hardware.EV3DevDistros - Providing an EV3DevDistros instance
2021-08-08 15:40:28 [Test worker] INFO  ev3dev.hardware.EV3DevSensorDevice - Connecting with device: lego-ev3-gyro
2021-08-08 15:40:28 [Test worker] TRACE ev3dev.hardware.EV3DevDevice - Retrieving devices in path: 
2021-08-08 15:40:28 [Test worker] TRACE ev3dev.utils.Sysfs - ls /tmp/ev3dev_fake_system/lego-sensor
2021-08-08 15:40:28 [Test worker] TRACE ev3dev.hardware.EV3DevDevice - Checking devices on: /tmp/ev3dev_fake_system/lego-sensor
2021-08-08 15:40:28 [Test worker] TRACE ev3dev.hardware.EV3DevDevice - Device 1:
2021-08-08 15:40:28 [Test worker] TRACE ev3dev.utils.Sysfs - cat /tmp/ev3dev_fake_system/lego-sensor/sensor1/address
2021-08-08 15:40:28 [Test worker] TRACE ev3dev.utils.Sysfs - value: ev3-ports:in1
2021-08-08 15:40:28 [Test worker] TRACE ev3dev.hardware.EV3DevDevice - Port expected: ev3-ports:in1, actual: ev3-ports:in1.
2021-08-08 15:40:28 [Test worker] DEBUG ev3dev.hardware.EV3DevDevice - Detected device on path: /tmp/ev3dev_fake_system/lego-sensor/sensor1/address, ev3-ports:in1
2021-08-08 15:40:28 [Test worker] TRACE ev3dev.hardware.EV3DevSensorDevice - Connected
2021-08-08 15:40:28 [Test worker] TRACE ev3dev.utils.Sysfs - cat /tmp/ev3dev_fake_system/lego-sensor/sensor1/mode
2021-08-08 15:40:28 [Test worker] TRACE ev3dev.utils.Sysfs - value: BOGUS-MODE
2021-08-08 15:40:28 [Test worker] TRACE ev3dev.utils.Sysfs - echo GYRO-RATE &gt; /tmp/ev3dev_fake_system/lego-sensor/sensor1/mode
2021-08-08 15:40:28 [Test worker] TRACE ev3dev.utils.Sysfs - cat /tmp/ev3dev_fake_system/lego-sensor/sensor1/mode
2021-08-08 15:40:28 [Test worker] TRACE ev3dev.utils.Sysfs - value: GYRO-RATE
2021-08-08 15:40:28 [Test worker] TRACE ev3dev.utils.Sysfs - echo GYRO-G&amp;A &gt; /tmp/ev3dev_fake_system/lego-sensor/sensor1/mode
2021-08-08 15:40:29 [Test worker] TRACE ev3dev.utils.Sysfs - cat /tmp/ev3dev_fake_system/lego-sensor/sensor1/mode
2021-08-08 15:40:29 [Test worker] TRACE ev3dev.utils.Sysfs - value: GYRO-G&amp;A
2021-08-08 15:40:29 [Test worker] INFO  fake_ev3dev.BaseElement - Switching to EV3Dev testing infrastructure
2021-08-08 15:40:29 [Test worker] TRACE fake_ev3dev.BaseElement - Removing previous fileSystem infrastructure
2021-08-08 15:40:29 [Test worker] DEBUG fake_ev3dev.BaseElement - Created Fake file system to implement devices for testing
2021-08-08 15:40:29 [Test worker] TRACE fake_ev3dev.BaseElement - Path created: /tmp/ev3dev_fake_system
2021-08-08 15:40:29 [Test worker] INFO  fake_ev3dev.BaseElement - 
2021-08-08 15:40:29 [Test worker] INFO  f.ev3dev.sensors.FakeBattery - Adding a Battery device in the FileSystem for: EV3BRICK
2021-08-08 15:40:29 [Test worker] TRACE fake_ev3dev.BaseElement - Creating path: /tmp/ev3dev_fake_system/power_supply/lego-ev3-battery
2021-08-08 15:40:29 [Test worker] DEBUG ev3dev.utils.Shell - Command: tree /tmp/ev3dev_fake_system
2021-08-08 15:40:29 [Test worker] WARN  ev3dev.utils.Shell - Cannot run program &quot;tree&quot;: error=2, Bestand of map bestaat niet
java.io.IOException: Cannot run program &quot;tree&quot;: error=2, Bestand of map bestaat niet
	at java.base/java.lang.ProcessBuilder.start(ProcessBuilder.java:1128)
	at java.base/java.lang.ProcessBuilder.start(ProcessBuilder.java:1071)
	at java.base/java.lang.Runtime.exec(Runtime.java:592)
	at java.base/java.lang.Runtime.exec(Runtime.java:416)
	at java.base/java.lang.Runtime.exec(Runtime.java:313)
	at ev3dev.utils.Shell.execute(Shell.java:32)
	at fake_ev3dev.ev3dev.sensors.FakeBattery.&lt;init&gt;(FakeBattery.java:63)
	at ev3dev.sensors.ev3.EV3GyroSensorTest.getAngleModeTest(EV3GyroSensorTest.java:88)
	at java.base/jdk.internal.reflect.NativeMethodAccessorImpl.invoke0(Native Method)
	at java.base/jdk.internal.reflect.NativeMethodAccessorImpl.invoke(NativeMethodAccessorImpl.java:62)
	at java.base/jdk.internal.reflect.DelegatingMethodAccessorImpl.invoke(DelegatingMethodAccessorImpl.java:43)
	at java.base/java.lang.reflect.Method.invoke(Method.java:566)
	at org.junit.runners.model.FrameworkMethod$1.runReflectiveCall(FrameworkMethod.java:50)
	at org.junit.internal.runners.model.ReflectiveCallable.run(ReflectiveCallable.java:12)
	at org.junit.runners.model.FrameworkMethod.invokeExplosively(FrameworkMethod.java:47)
	at org.junit.internal.runners.statements.InvokeMethod.evaluate(InvokeMethod.java:17)
	at org.junit.internal.runners.statements.RunBefores.evaluate(RunBefores.java:26)
	at org.junit.runners.ParentRunner.runLeaf(ParentRunner.java:325)
	at org.junit.runners.BlockJUnit4ClassRunner.runChild(BlockJUnit4ClassRunner.java:78)
	at org.junit.runners.BlockJUnit4ClassRunner.runChild(BlockJUnit4ClassRunner.java:57)
	at org.junit.runners.ParentRunner$3.run(ParentRunner.java:290)
	at org.junit.runners.ParentRunner$1.schedule(ParentRunner.java:71)
	at org.junit.runners.ParentRunner.runChildren(ParentRunner.java:288)
	at org.junit.runners.ParentRunner.access$000(ParentRunner.java:58)
	at org.junit.runners.ParentRunner$2.evaluate(ParentRunner.java:268)
	at org.junit.runners.ParentRunner.run(ParentRunner.java:363)
	at org.gradle.api.internal.tasks.testing.junit.JUnitTestClassExecutor.runTestClass(JUnitTestClassExecutor.java:110)
	at org.gradle.api.internal.tasks.testing.junit.JUnitTestClassExecutor.execute(JUnitTestClassExecutor.java:58)
	at org.gradle.api.internal.tasks.testing.junit.JUnitTestClassExecutor.execute(JUnitTestClassExecutor.java:38)
	at org.gradle.api.internal.tasks.testing.junit.AbstractJUnitTestClassProcessor.processTestClass(AbstractJUnitTestClassProcessor.java:62)
	at org.gradle.api.internal.tasks.testing.SuiteTestClassProcessor.processTestClass(SuiteTestClassProcessor.java:51)
	at java.base/jdk.internal.reflect.NativeMethodAccessorImpl.invoke0(Native Method)
	at java.base/jdk.internal.reflect.NativeMethodAccessorImpl.invoke(NativeMethodAccessorImpl.java:62)
	at java.base/jdk.internal.reflect.DelegatingMethodAccessorImpl.invoke(DelegatingMethodAccessorImpl.java:43)
	at java.base/java.lang.reflect.Method.invoke(Method.java:566)
	at org.gradle.internal.dispatch.ReflectionDispatch.dispatch(ReflectionDispatch.java:36)
	at org.gradle.internal.dispatch.ReflectionDispatch.dispatch(ReflectionDispatch.java:24)
	at org.gradle.internal.dispatch.ContextClassLoaderDispatch.dispatch(ContextClassLoaderDispatch.java:33)
	at org.gradle.internal.dispatch.ProxyDispatchAdapter$DispatchingInvocationHandler.invoke(ProxyDispatchAdapter.java:94)
	at com.sun.proxy.$Proxy2.processTestClass(Unknown Source)
	at org.gradle.api.internal.tasks.testing.worker.TestWorker.processTestClass(TestWorker.java:118)
	at java.base/jdk.internal.reflect.NativeMethodAccessorImpl.invoke0(Native Method)
	at java.base/jdk.internal.reflect.NativeMethodAccessorImpl.invoke(NativeMethodAccessorImpl.java:62)
	at java.base/jdk.internal.reflect.DelegatingMethodAccessorImpl.invoke(DelegatingMethodAccessorImpl.java:43)
	at java.base/java.lang.reflect.Method.invoke(Method.java:566)
	at org.gradle.internal.dispatch.ReflectionDispatch.dispatch(ReflectionDispatch.java:36)
	at org.gradle.internal.dispatch.ReflectionDispatch.dispatch(ReflectionDispatch.java:24)
	at org.gradle.internal.remote.internal.hub.MessageHubBackedObjectConnection$DispatchWrapper.dispatch(MessageHubBackedObjectConnection.java:182)
	at org.gradle.internal.remote.internal.hub.MessageHubBackedObjectConnection$DispatchWrapper.dispatch(MessageHubBackedObjectConnection.java:164)
	at org.gradle.internal.remote.internal.hub.MessageHub$Handler.run(MessageHub.java:412)
	at org.gradle.internal.concurrent.ExecutorPolicy$CatchAndRecordFailures.onExecute(ExecutorPolicy.java:64)
	at org.gradle.internal.concurrent.ManagedExecutorImpl$1.run(ManagedExecutorImpl.java:48)
	at java.base/java.util.concurrent.ThreadPoolExecutor.runWorker(ThreadPoolExecutor.java:1128)
	at java.base/java.util.concurrent.ThreadPoolExecutor$Worker.run(ThreadPoolExecutor.java:628)
	at org.gradle.internal.concurrent.ThreadFactoryImpl$ManagedThreadRunnable.run(ThreadFactoryImpl.java:56)
	at java.base/java.lang.Thread.run(Thread.java:829)
Caused by: java.io.IOException: error=2, Bestand of map bestaat niet
	at java.base/java.lang.ProcessImpl.forkAndExec(Native Method)
	at java.base/java.lang.ProcessImpl.&lt;init&gt;(ProcessImpl.java:340)
	at java.base/java.lang.ProcessImpl.start(ProcessImpl.java:271)
	at java.base/java.lang.ProcessBuilder.start(ProcessBuilder.java:1107)
	... 55 common frames omitted
2021-08-08 15:40:29 [Test worker] INFO  f.ev3dev.sensors.FakeBattery - COMMAND_ERROR
2021-08-08 15:40:29 [Test worker] TRACE fake_ev3dev.BaseElement - Creating path: /tmp/ev3dev_fake_system/lego-sensor
2021-08-08 15:40:29 [Test worker] TRACE f.ev3dev.sensors.FakeLegoSensor - Creating ports: ev3-ports:in1
2021-08-08 15:40:29 [Test worker] TRACE fake_ev3dev.BaseElement - Creating path: /tmp/ev3dev_fake_system/lego-sensor/sensor1
2021-08-08 15:40:29 [Test worker] DEBUG ev3dev.hardware.EV3DevDistros - Providing an EV3DevDistros instance
2021-08-08 15:40:29 [Test worker] INFO  ev3dev.hardware.EV3DevSensorDevice - Connecting with device: lego-ev3-gyro
2021-08-08 15:40:29 [Test worker] TRACE ev3dev.hardware.EV3DevDevice - Retrieving devices in path: 
2021-08-08 15:40:29 [Test worker] TRACE ev3dev.utils.Sysfs - ls /tmp/ev3dev_fake_system/lego-sensor
2021-08-08 15:40:29 [Test worker] TRACE ev3dev.hardware.EV3DevDevice - Checking devices on: /tmp/ev3dev_fake_system/lego-sensor
2021-08-08 15:40:29 [Test worker] TRACE ev3dev.hardware.EV3DevDevice - Device 1:
2021-08-08 15:40:29 [Test worker] TRACE ev3dev.utils.Sysfs - cat /tmp/ev3dev_fake_system/lego-sensor/sensor1/address
2021-08-08 15:40:29 [Test worker] TRACE ev3dev.utils.Sysfs - value: ev3-ports:in1
2021-08-08 15:40:29 [Test worker] TRACE ev3dev.hardware.EV3DevDevice - Port expected: ev3-ports:in1, actual: ev3-ports:in1.
2021-08-08 15:40:29 [Test worker] DEBUG ev3dev.hardware.EV3DevDevice - Detected device on path: /tmp/ev3dev_fake_system/lego-sensor/sensor1/address, ev3-ports:in1
2021-08-08 15:40:29 [Test worker] TRACE ev3dev.hardware.EV3DevSensorDevice - Connected
2021-08-08 15:40:29 [Test worker] TRACE ev3dev.utils.Sysfs - cat /tmp/ev3dev_fake_system/lego-sensor/sensor1/mode
2021-08-08 15:40:29 [Test worker] TRACE ev3dev.utils.Sysfs - value: BOGUS-MODE
2021-08-08 15:40:29 [Test worker] TRACE ev3dev.utils.Sysfs - echo GYRO-ANG &gt; /tmp/ev3dev_fake_system/lego-sensor/sensor1/mode
2021-08-08 15:40:29 [Test worker] TRACE ev3dev.utils.Sysfs - cat /tmp/ev3dev_fake_system/lego-sensor/sensor1/value0
2021-08-08 15:40:29 [Test worker] TRACE ev3dev.utils.Sysfs - value: 10
2021-08-08 15:40:29 [Test worker] INFO  fake_ev3dev.BaseElement - Switching to EV3Dev testing infrastructure
2021-08-08 15:40:29 [Test worker] TRACE fake_ev3dev.BaseElement - Removing previous fileSystem infrastructure
2021-08-08 15:40:29 [Test worker] DEBUG fake_ev3dev.BaseElement - Created Fake file system to implement devices for testing
2021-08-08 15:40:29 [Test worker] TRACE fake_ev3dev.BaseElement - Path created: /tmp/ev3dev_fake_system
2021-08-08 15:40:29 [Test worker] INFO  fake_ev3dev.BaseElement - 
2021-08-08 15:40:29 [Test worker] INFO  f.ev3dev.sensors.FakeBattery - Adding a Battery device in the FileSystem for: EV3BRICK
2021-08-08 15:40:29 [Test worker] TRACE fake_ev3dev.BaseElement - Creating path: /tmp/ev3dev_fake_system/power_supply/lego-ev3-battery
2021-08-08 15:40:29 [Test worker] DEBUG ev3dev.utils.Shell - Command: tree /tmp/ev3dev_fake_system
2021-08-08 15:40:29 [Test worker] WARN  ev3dev.utils.Shell - Cannot run program &quot;tree&quot;: error=2, Bestand of map bestaat niet
java.io.IOException: Cannot run program &quot;tree&quot;: error=2, Bestand of map bestaat niet
	at java.base/java.lang.ProcessBuilder.start(ProcessBuilder.java:1128)
	at java.base/java.lang.ProcessBuilder.start(ProcessBuilder.java:1071)
	at java.base/java.lang.Runtime.exec(Runtime.java:592)
	at java.base/java.lang.Runtime.exec(Runtime.java:416)
	at java.base/java.lang.Runtime.exec(Runtime.java:313)
	at ev3dev.utils.Shell.execute(Shell.java:32)
	at fake_ev3dev.ev3dev.sensors.FakeBattery.&lt;init&gt;(FakeBattery.java:63)
	at ev3dev.sensors.ev3.EV3GyroSensorTest.getAngleAndRateModeTest(EV3GyroSensorTest.java:112)
	at java.base/jdk.internal.reflect.NativeMethodAccessorImpl.invoke0(Native Method)
	at java.base/jdk.internal.reflect.NativeMethodAccessorImpl.invoke(NativeMethodAccessorImpl.java:62)
	at java.base/jdk.internal.reflect.DelegatingMethodAccessorImpl.invoke(DelegatingMethodAccessorImpl.java:43)
	at java.base/java.lang.reflect.Method.invoke(Method.java:566)
	at org.junit.runners.model.FrameworkMethod$1.runReflectiveCall(FrameworkMethod.java:50)
	at org.junit.internal.runners.model.ReflectiveCallable.run(ReflectiveCallable.java:12)
	at org.junit.runners.model.FrameworkMethod.invokeExplosively(FrameworkMethod.java:47)
	at org.junit.internal.runners.statements.InvokeMethod.evaluate(InvokeMethod.java:17)
	at org.junit.internal.runners.statements.RunBefores.evaluate(RunBefores.java:26)
	at org.junit.runners.ParentRunner.runLeaf(ParentRunner.java:325)
	at org.junit.runners.BlockJUnit4ClassRunner.runChild(BlockJUnit4ClassRunner.java:78)
	at org.junit.runners.BlockJUnit4ClassRunner.runChild(BlockJUnit4ClassRunner.java:57)
	at org.junit.runners.ParentRunner$3.run(ParentRunner.java:290)
	at org.junit.runners.ParentRunner$1.schedule(ParentRunner.java:71)
	at org.junit.runners.ParentRunner.runChildren(ParentRunner.java:288)
	at org.junit.runners.ParentRunner.access$000(ParentRunner.java:58)
	at org.junit.runners.ParentRunner$2.evaluate(ParentRunner.java:268)
	at org.junit.runners.ParentRunner.run(ParentRunner.java:363)
	at org.gradle.api.internal.tasks.testing.junit.JUnitTestClassExecutor.runTestClass(JUnitTestClassExecutor.java:110)
	at org.gradle.api.internal.tasks.testing.junit.JUnitTestClassExecutor.execute(JUnitTestClassExecutor.java:58)
	at org.gradle.api.internal.tasks.testing.junit.JUnitTestClassExecutor.execute(JUnitTestClassExecutor.java:38)
	at org.gradle.api.internal.tasks.testing.junit.AbstractJUnitTestClassProcessor.processTestClass(AbstractJUnitTestClassProcessor.java:62)
	at org.gradle.api.internal.tasks.testing.SuiteTestClassProcessor.processTestClass(SuiteTestClassProcessor.java:51)
	at java.base/jdk.internal.reflect.NativeMethodAccessorImpl.invoke0(Native Method)
	at java.base/jdk.internal.reflect.NativeMethodAccessorImpl.invoke(NativeMethodAccessorImpl.java:62)
	at java.base/jdk.internal.reflect.DelegatingMethodAccessorImpl.invoke(DelegatingMethodAccessorImpl.java:43)
	at java.base/java.lang.reflect.Method.invoke(Method.java:566)
	at org.gradle.internal.dispatch.ReflectionDispatch.dispatch(ReflectionDispatch.java:36)
	at org.gradle.internal.dispatch.ReflectionDispatch.dispatch(ReflectionDispatch.java:24)
	at org.gradle.internal.dispatch.ContextClassLoaderDispatch.dispatch(ContextClassLoaderDispatch.java:33)
	at org.gradle.internal.dispatch.ProxyDispatchAdapter$DispatchingInvocationHandler.invoke(ProxyDispatchAdapter.java:94)
	at com.sun.proxy.$Proxy2.processTestClass(Unknown Source)
	at org.gradle.api.internal.tasks.testing.worker.TestWorker.processTestClass(TestWorker.java:118)
	at java.base/jdk.internal.reflect.NativeMethodAccessorImpl.invoke0(Native Method)
	at java.base/jdk.internal.reflect.NativeMethodAccessorImpl.invoke(NativeMethodAccessorImpl.java:62)
	at java.base/jdk.internal.reflect.DelegatingMethodAccessorImpl.invoke(DelegatingMethodAccessorImpl.java:43)
	at java.base/java.lang.reflect.Method.invoke(Method.java:566)
	at org.gradle.internal.dispatch.ReflectionDispatch.dispatch(ReflectionDispatch.java:36)
	at org.gradle.internal.dispatch.ReflectionDispatch.dispatch(ReflectionDispatch.java:24)
	at org.gradle.internal.remote.internal.hub.MessageHubBackedObjectConnection$DispatchWrapper.dispatch(MessageHubBackedObjectConnection.java:182)
	at org.gradle.internal.remote.internal.hub.MessageHubBackedObjectConnection$DispatchWrapper.dispatch(MessageHubBackedObjectConnection.java:164)
	at org.gradle.internal.remote.internal.hub.MessageHub$Handler.run(MessageHub.java:412)
	at org.gradle.internal.concurrent.ExecutorPolicy$CatchAndRecordFailures.onExecute(ExecutorPolicy.java:64)
	at org.gradle.internal.concurrent.ManagedExecutorImpl$1.run(ManagedExecutorImpl.java:48)
	at java.base/java.util.concurrent.ThreadPoolExecutor.runWorker(ThreadPoolExecutor.java:1128)
	at java.base/java.util.concurrent.ThreadPoolExecutor$Worker.run(ThreadPoolExecutor.java:628)
	at org.gradle.internal.concurrent.ThreadFactoryImpl$ManagedThreadRunnable.run(ThreadFactoryImpl.java:56)
	at java.base/java.lang.Thread.run(Thread.java:829)
Caused by: java.io.IOException: error=2, Bestand of map bestaat niet
	at java.base/java.lang.ProcessImpl.forkAndExec(Native Method)
	at java.base/java.lang.ProcessImpl.&lt;init&gt;(ProcessImpl.java:340)
	at java.base/java.lang.ProcessImpl.start(ProcessImpl.java:271)
	at java.base/java.lang.ProcessBuilder.start(ProcessBuilder.java:1107)
	... 55 common frames omitted
2021-08-08 15:40:29 [Test worker] INFO  f.ev3dev.sensors.FakeBattery - COMMAND_ERROR
2021-08-08 15:40:29 [Test worker] TRACE fake_ev3dev.BaseElement - Creating path: /tmp/ev3dev_fake_system/lego-sensor
2021-08-08 15:40:29 [Test worker] TRACE f.ev3dev.sensors.FakeLegoSensor - Creating ports: ev3-ports:in1
2021-08-08 15:40:29 [Test worker] TRACE fake_ev3dev.BaseElement - Creating path: /tmp/ev3dev_fake_system/lego-sensor/sensor1
2021-08-08 15:40:29 [Test worker] DEBUG ev3dev.hardware.EV3DevDistros - Providing an EV3DevDistros instance
2021-08-08 15:40:29 [Test worker] INFO  ev3dev.hardware.EV3DevSensorDevice - Connecting with device: lego-ev3-gyro
2021-08-08 15:40:29 [Test worker] TRACE ev3dev.hardware.EV3DevDevice - Retrieving devices in path: 
2021-08-08 15:40:29 [Test worker] TRACE ev3dev.utils.Sysfs - ls /tmp/ev3dev_fake_system/lego-sensor
2021-08-08 15:40:29 [Test worker] TRACE ev3dev.hardware.EV3DevDevice - Checking devices on: /tmp/ev3dev_fake_system/lego-sensor
2021-08-08 15:40:29 [Test worker] TRACE ev3dev.hardware.EV3DevDevice - Device 1:
2021-08-08 15:40:29 [Test worker] TRACE ev3dev.utils.Sysfs - cat /tmp/ev3dev_fake_system/lego-sensor/sensor1/address
2021-08-08 15:40:29 [Test worker] TRACE ev3dev.utils.Sysfs - value: ev3-ports:in1
2021-08-08 15:40:29 [Test worker] TRACE ev3dev.hardware.EV3DevDevice - Port expected: ev3-ports:in1, actual: ev3-ports:in1.
2021-08-08 15:40:29 [Test worker] DEBUG ev3dev.hardware.EV3DevDevice - Detected device on path: /tmp/ev3dev_fake_system/lego-sensor/sensor1/address, ev3-ports:in1
2021-08-08 15:40:29 [Test worker] TRACE ev3dev.hardware.EV3DevSensorDevice - Connected
2021-08-08 15:40:29 [Test worker] TRACE ev3dev.utils.Sysfs - cat /tmp/ev3dev_fake_system/lego-sensor/sensor1/mode
2021-08-08 15:40:29 [Test worker] TRACE ev3dev.utils.Sysfs - value: BOGUS-MODE
2021-08-08 15:40:29 [Test worker] TRACE ev3dev.utils.Sysfs - echo GYRO-G&amp;A &gt; /tmp/ev3dev_fake_system/lego-sensor/sensor1/mode
2021-08-08 15:40:30 [Test worker] TRACE ev3dev.utils.Sysfs - cat /tmp/ev3dev_fake_system/lego-sensor/sensor1/value0
2021-08-08 15:40:30 [Test worker] TRACE ev3dev.utils.Sysfs - value: 10
2021-08-08 15:40:30 [Test worker] TRACE ev3dev.utils.Sysfs - cat /tmp/ev3dev_fake_system/lego-sensor/sensor1/value1
2021-08-08 15:40:30 [Test worker] TRACE ev3dev.utils.Sysfs - value: 10
2021-08-08 15:40:30 [Test worker] INFO  fake_ev3dev.BaseElement - Switching to EV3Dev testing infrastructure
2021-08-08 15:40:30 [Test worker] TRACE fake_ev3dev.BaseElement - Removing previous fileSystem infrastructure
2021-08-08 15:40:30 [Test worker] DEBUG fake_ev3dev.BaseElement - Created Fake file system to implement devices for testing
2021-08-08 15:40:30 [Test worker] TRACE fake_ev3dev.BaseElement - Path created: /tmp/ev3dev_fake_system
2021-08-08 15:40:30 [Test worker] INFO  fake_ev3dev.BaseElement - 
2021-08-08 15:40:30 [Test worker] INFO  f.ev3dev.sensors.FakeBattery - Adding a Battery device in the FileSystem for: EV3BRICK
2021-08-08 15:40:30 [Test worker] TRACE fake_ev3dev.BaseElement - Creating path: /tmp/ev3dev_fake_system/power_supply/lego-ev3-battery
2021-08-08 15:40:30 [Test worker] DEBUG ev3dev.utils.Shell - Command: tree /tmp/ev3dev_fake_system
2021-08-08 15:40:30 [Test worker] WARN  ev3dev.utils.Shell - Cannot run program &quot;tree&quot;: error=2, Bestand of map bestaat niet
java.io.IOException: Cannot run program &quot;tree&quot;: error=2, Bestand of map bestaat niet
	at java.base/java.lang.ProcessBuilder.start(ProcessBuilder.java:1128)
	at java.base/java.lang.ProcessBuilder.start(ProcessBuilder.java:1071)
	at java.base/java.lang.Runtime.exec(Runtime.java:592)
	at java.base/java.lang.Runtime.exec(Runtime.java:416)
	at java.base/java.lang.Runtime.exec(Runtime.java:313)
	at ev3dev.utils.Shell.execute(Shell.java:32)
	at fake_ev3dev.ev3dev.sensors.FakeBattery.&lt;init&gt;(FakeBattery.java:63)
	at ev3dev.sensors.ev3.EV3GyroSensorTest.negativeAngleTest(EV3GyroSensorTest.java:157)
	at java.base/jdk.internal.reflect.NativeMethodAccessorImpl.invoke0(Native Method)
	at java.base/jdk.internal.reflect.NativeMethodAccessorImpl.invoke(NativeMethodAccessorImpl.java:62)
	at java.base/jdk.internal.reflect.DelegatingMethodAccessorImpl.invoke(DelegatingMethodAccessorImpl.java:43)
	at java.base/java.lang.reflect.Method.invoke(Method.java:566)
	at org.junit.runners.model.FrameworkMethod$1.runReflectiveCall(FrameworkMethod.java:50)
	at org.junit.internal.runners.model.ReflectiveCallable.run(ReflectiveCallable.java:12)
	at org.junit.runners.model.FrameworkMethod.invokeExplosively(FrameworkMethod.java:47)
	at org.junit.internal.runners.statements.InvokeMethod.evaluate(InvokeMethod.java:17)
	at org.junit.internal.runners.statements.RunBefores.evaluate(RunBefores.java:26)
	at org.junit.runners.ParentRunner.runLeaf(ParentRunner.java:325)
	at org.junit.runners.BlockJUnit4ClassRunner.runChild(BlockJUnit4ClassRunner.java:78)
	at org.junit.runners.BlockJUnit4ClassRunner.runChild(BlockJUnit4ClassRunner.java:57)
	at org.junit.runners.ParentRunner$3.run(ParentRunner.java:290)
	at org.junit.runners.ParentRunner$1.schedule(ParentRunner.java:71)
	at org.junit.runners.ParentRunner.runChildren(ParentRunner.java:288)
	at org.junit.runners.ParentRunner.access$000(ParentRunner.java:58)
	at org.junit.runners.ParentRunner$2.evaluate(ParentRunner.java:268)
	at org.junit.runners.ParentRunner.run(ParentRunner.java:363)
	at org.gradle.api.internal.tasks.testing.junit.JUnitTestClassExecutor.runTestClass(JUnitTestClassExecutor.java:110)
	at org.gradle.api.internal.tasks.testing.junit.JUnitTestClassExecutor.execute(JUnitTestClassExecutor.java:58)
	at org.gradle.api.internal.tasks.testing.junit.JUnitTestClassExecutor.execute(JUnitTestClassExecutor.java:38)
	at org.gradle.api.internal.tasks.testing.junit.AbstractJUnitTestClassProcessor.processTestClass(AbstractJUnitTestClassProcessor.java:62)
	at org.gradle.api.internal.tasks.testing.SuiteTestClassProcessor.processTestClass(SuiteTestClassProcessor.java:51)
	at java.base/jdk.internal.reflect.NativeMethodAccessorImpl.invoke0(Native Method)
	at java.base/jdk.internal.reflect.NativeMethodAccessorImpl.invoke(NativeMethodAccessorImpl.java:62)
	at java.base/jdk.internal.reflect.DelegatingMethodAccessorImpl.invoke(DelegatingMethodAccessorImpl.java:43)
	at java.base/java.lang.reflect.Method.invoke(Method.java:566)
	at org.gradle.internal.dispatch.ReflectionDispatch.dispatch(ReflectionDispatch.java:36)
	at org.gradle.internal.dispatch.ReflectionDispatch.dispatch(ReflectionDispatch.java:24)
	at org.gradle.internal.dispatch.ContextClassLoaderDispatch.dispatch(ContextClassLoaderDispatch.java:33)
	at org.gradle.internal.dispatch.ProxyDispatchAdapter$DispatchingInvocationHandler.invoke(ProxyDispatchAdapter.java:94)
	at com.sun.proxy.$Proxy2.processTestClass(Unknown Source)
	at org.gradle.api.internal.tasks.testing.worker.TestWorker.processTestClass(TestWorker.java:118)
	at java.base/jdk.internal.reflect.NativeMethodAccessorImpl.invoke0(Native Method)
	at java.base/jdk.internal.reflect.NativeMethodAccessorImpl.invoke(NativeMethodAccessorImpl.java:62)
	at java.base/jdk.internal.reflect.DelegatingMethodAccessorImpl.invoke(DelegatingMethodAccessorImpl.java:43)
	at java.base/java.lang.reflect.Method.invoke(Method.java:566)
	at org.gradle.internal.dispatch.ReflectionDispatch.dispatch(ReflectionDispatch.java:36)
	at org.gradle.internal.dispatch.ReflectionDispatch.dispatch(ReflectionDispatch.java:24)
	at org.gradle.internal.remote.internal.hub.MessageHubBackedObjectConnection$DispatchWrapper.dispatch(MessageHubBackedObjectConnection.java:182)
	at org.gradle.internal.remote.internal.hub.MessageHubBackedObjectConnection$DispatchWrapper.dispatch(MessageHubBackedObjectConnection.java:164)
	at org.gradle.internal.remote.internal.hub.MessageHub$Handler.run(MessageHub.java:412)
	at org.gradle.internal.concurrent.ExecutorPolicy$CatchAndRecordFailures.onExecute(ExecutorPolicy.java:64)
	at org.gradle.internal.concurrent.ManagedExecutorImpl$1.run(ManagedExecutorImpl.java:48)
	at java.base/java.util.concurrent.ThreadPoolExecutor.runWorker(ThreadPoolExecutor.java:1128)
	at java.base/java.util.concurrent.ThreadPoolExecutor$Worker.run(ThreadPoolExecutor.java:628)
	at org.gradle.internal.concurrent.ThreadFactoryImpl$ManagedThreadRunnable.run(ThreadFactoryImpl.java:56)
	at java.base/java.lang.Thread.run(Thread.java:829)
Caused by: java.io.IOException: error=2, Bestand of map bestaat niet
	at java.base/java.lang.ProcessImpl.forkAndExec(Native Method)
	at java.base/java.lang.ProcessImpl.&lt;init&gt;(ProcessImpl.java:340)
	at java.base/java.lang.ProcessImpl.start(ProcessImpl.java:271)
	at java.base/java.lang.ProcessBuilder.start(ProcessBuilder.java:1107)
	... 55 common frames omitted
2021-08-08 15:40:30 [Test worker] INFO  f.ev3dev.sensors.FakeBattery - COMMAND_ERROR
2021-08-08 15:40:30 [Test worker] TRACE fake_ev3dev.BaseElement - Creating path: /tmp/ev3dev_fake_system/lego-sensor
2021-08-08 15:40:30 [Test worker] TRACE f.ev3dev.sensors.FakeLegoSensor - Creating ports: ev3-ports:in1
2021-08-08 15:40:30 [Test worker] TRACE fake_ev3dev.BaseElement - Creating path: /tmp/ev3dev_fake_system/lego-sensor/sensor1
2021-08-08 15:40:30 [Test worker] DEBUG ev3dev.hardware.EV3DevDistros - Providing an EV3DevDistros instance
2021-08-08 15:40:30 [Test worker] INFO  ev3dev.hardware.EV3DevSensorDevice - Connecting with device: lego-ev3-gyro
2021-08-08 15:40:30 [Test worker] TRACE ev3dev.hardware.EV3DevDevice - Retrieving devices in path: 
2021-08-08 15:40:30 [Test worker] TRACE ev3dev.utils.Sysfs - ls /tmp/ev3dev_fake_system/lego-sensor
2021-08-08 15:40:30 [Test worker] TRACE ev3dev.hardware.EV3DevDevice - Checking devices on: /tmp/ev3dev_fake_system/lego-sensor
2021-08-08 15:40:30 [Test worker] TRACE ev3dev.hardware.EV3DevDevice - Device 1:
2021-08-08 15:40:30 [Test worker] TRACE ev3dev.utils.Sysfs - cat /tmp/ev3dev_fake_system/lego-sensor/sensor1/address
2021-08-08 15:40:30 [Test worker] TRACE ev3dev.utils.Sysfs - value: ev3-ports:in1
2021-08-08 15:40:30 [Test worker] TRACE ev3dev.hardware.EV3DevDevice - Port expected: ev3-ports:in1, actual: ev3-ports:in1.
2021-08-08 15:40:30 [Test worker] DEBUG ev3dev.hardware.EV3DevDevice - Detected device on path: /tmp/ev3dev_fake_system/lego-sensor/sensor1/address, ev3-ports:in1
2021-08-08 15:40:30 [Test worker] TRACE ev3dev.hardware.EV3DevSensorDevice - Connected
2021-08-08 15:40:30 [Test worker] TRACE ev3dev.utils.Sysfs - cat /tmp/ev3dev_fake_system/lego-sensor/sensor1/mode
2021-08-08 15:40:30 [Test worker] TRACE ev3dev.utils.Sysfs - value: BOGUS-MODE
2021-08-08 15:40:30 [Test worker] TRACE ev3dev.utils.Sysfs - echo GYRO-ANG &gt; /tmp/ev3dev_fake_system/lego-sensor/sensor1/mode
2021-08-08 15:40:30 [Test worker] TRACE ev3dev.utils.Sysfs - cat /tmp/ev3dev_fake_system/lego-sensor/sensor1/value0
2021-08-08 15:40:30 [Test worker] TRACE ev3dev.utils.Sysfs - value: -180
2021-08-08 15:40:30 [Test worker] INFO  fake_ev3dev.BaseElement - Switching to EV3Dev testing infrastructure
2021-08-08 15:40:30 [Test worker] TRACE fake_ev3dev.BaseElement - Removing previous fileSystem infrastructure
2021-08-08 15:40:30 [Test worker] DEBUG fake_ev3dev.BaseElement - Created Fake file system to implement devices for testing
2021-08-08 15:40:30 [Test worker] TRACE fake_ev3dev.BaseElement - Path created: /tmp/ev3dev_fake_system
2021-08-08 15:40:30 [Test worker] INFO  fake_ev3dev.BaseElement - 
2021-08-08 15:40:30 [Test worker] INFO  f.ev3dev.sensors.FakeBattery - Adding a Battery device in the FileSystem for: EV3BRICK
2021-08-08 15:40:30 [Test worker] TRACE fake_ev3dev.BaseElement - Creating path: /tmp/ev3dev_fake_system/power_supply/lego-ev3-battery
2021-08-08 15:40:30 [Test worker] DEBUG ev3dev.utils.Shell - Command: tree /tmp/ev3dev_fake_system
2021-08-08 15:40:30 [Test worker] WARN  ev3dev.utils.Shell - Cannot run program &quot;tree&quot;: error=2, Bestand of map bestaat niet
java.io.IOException: Cannot run program &quot;tree&quot;: error=2, Bestand of map bestaat niet
	at java.base/java.lang.ProcessBuilder.start(ProcessBuilder.java:1128)
	at java.base/java.lang.ProcessBuilder.start(ProcessBuilder.java:1071)
	at java.base/java.lang.Runtime.exec(Runtime.java:592)
	at java.base/java.lang.Runtime.exec(Runtime.java:416)
	at java.base/java.lang.Runtime.exec(Runtime.java:313)
	at ev3dev.utils.Shell.execute(Shell.java:32)
	at fake_ev3dev.ev3dev.sensors.FakeBattery.&lt;init&gt;(FakeBattery.java:63)
	at ev3dev.sensors.ev3.EV3GyroSensorTest.getRateModeTest(EV3GyroSensorTest.java:65)
	at java.base/jdk.internal.reflect.NativeMethodAccessorImpl.invoke0(Native Method)
	at java.base/jdk.internal.reflect.NativeMethodAccessorImpl.invoke(NativeMethodAccessorImpl.java:62)
	at java.base/jdk.internal.reflect.DelegatingMethodAccessorImpl.invoke(DelegatingMethodAccessorImpl.java:43)
	at java.base/java.lang.reflect.Method.invoke(Method.java:566)
	at org.junit.runners.model.FrameworkMethod$1.runReflectiveCall(FrameworkMethod.java:50)
	at org.junit.internal.runners.model.ReflectiveCallable.run(ReflectiveCallable.java:12)
	at org.junit.runners.model.FrameworkMethod.invokeExplosively(FrameworkMethod.java:47)
	at org.junit.internal.runners.statements.InvokeMethod.evaluate(InvokeMethod.java:17)
	at org.junit.internal.runners.statements.RunBefores.evaluate(RunBefores.java:26)
	at org.junit.runners.ParentRunner.runLeaf(ParentRunner.java:325)
	at org.junit.runners.BlockJUnit4ClassRunner.runChild(BlockJUnit4ClassRunner.java:78)
	at org.junit.runners.BlockJUnit4ClassRunner.runChild(BlockJUnit4ClassRunner.java:57)
	at org.junit.runners.ParentRunner$3.run(ParentRunner.java:290)
	at org.junit.runners.ParentRunner$1.schedule(ParentRunner.java:71)
	at org.junit.runners.ParentRunner.runChildren(ParentRunner.java:288)
	at org.junit.runners.ParentRunner.access$000(ParentRunner.java:58)
	at org.junit.runners.ParentRunner$2.evaluate(ParentRunner.java:268)
	at org.junit.runners.ParentRunner.run(ParentRunner.java:363)
	at org.gradle.api.internal.tasks.testing.junit.JUnitTestClassExecutor.runTestClass(JUnitTestClassExecutor.java:110)
	at org.gradle.api.internal.tasks.testing.junit.JUnitTestClassExecutor.execute(JUnitTestClassExecutor.java:58)
	at org.gradle.api.internal.tasks.testing.junit.JUnitTestClassExecutor.execute(JUnitTestClassExecutor.java:38)
	at org.gradle.api.internal.tasks.testing.junit.AbstractJUnitTestClassProcessor.processTestClass(AbstractJUnitTestClassProcessor.java:62)
	at org.gradle.api.internal.tasks.testing.SuiteTestClassProcessor.processTestClass(SuiteTestClassProcessor.java:51)
	at java.base/jdk.internal.reflect.NativeMethodAccessorImpl.invoke0(Native Method)
	at java.base/jdk.internal.reflect.NativeMethodAccessorImpl.invoke(NativeMethodAccessorImpl.java:62)
	at java.base/jdk.internal.reflect.DelegatingMethodAccessorImpl.invoke(DelegatingMethodAccessorImpl.java:43)
	at java.base/java.lang.reflect.Method.invoke(Method.java:566)
	at org.gradle.internal.dispatch.ReflectionDispatch.dispatch(ReflectionDispatch.java:36)
	at org.gradle.internal.dispatch.ReflectionDispatch.dispatch(ReflectionDispatch.java:24)
	at org.gradle.internal.dispatch.ContextClassLoaderDispatch.dispatch(ContextClassLoaderDispatch.java:33)
	at org.gradle.internal.dispatch.ProxyDispatchAdapter$DispatchingInvocationHandler.invoke(ProxyDispatchAdapter.java:94)
	at com.sun.proxy.$Proxy2.processTestClass(Unknown Source)
	at org.gradle.api.internal.tasks.testing.worker.TestWorker.processTestClass(TestWorker.java:118)
	at java.base/jdk.internal.reflect.NativeMethodAccessorImpl.invoke0(Native Method)
	at java.base/jdk.internal.reflect.NativeMethodAccessorImpl.invoke(NativeMethodAccessorImpl.java:62)
	at java.base/jdk.internal.reflect.DelegatingMethodAccessorImpl.invoke(DelegatingMethodAccessorImpl.java:43)
	at java.base/java.lang.reflect.Method.invoke(Method.java:566)
	at org.gradle.internal.dispatch.ReflectionDispatch.dispatch(ReflectionDispatch.java:36)
	at org.gradle.internal.dispatch.ReflectionDispatch.dispatch(ReflectionDispatch.java:24)
	at org.gradle.internal.remote.internal.hub.MessageHubBackedObjectConnection$DispatchWrapper.dispatch(MessageHubBackedObjectConnection.java:182)
	at org.gradle.internal.remote.internal.hub.MessageHubBackedObjectConnection$DispatchWrapper.dispatch(MessageHubBackedObjectConnection.java:164)
	at org.gradle.internal.remote.internal.hub.MessageHub$Handler.run(MessageHub.java:412)
	at org.gradle.internal.concurrent.ExecutorPolicy$CatchAndRecordFailures.onExecute(ExecutorPolicy.java:64)
	at org.gradle.internal.concurrent.ManagedExecutorImpl$1.run(ManagedExecutorImpl.java:48)
	at java.base/java.util.concurrent.ThreadPoolExecutor.runWorker(ThreadPoolExecutor.java:1128)
	at java.base/java.util.concurrent.ThreadPoolExecutor$Worker.run(ThreadPoolExecutor.java:628)
	at org.gradle.internal.concurrent.ThreadFactoryImpl$ManagedThreadRunnable.run(ThreadFactoryImpl.java:56)
	at java.base/java.lang.Thread.run(Thread.java:829)
Caused by: java.io.IOException: error=2, Bestand of map bestaat niet
	at java.base/java.lang.ProcessImpl.forkAndExec(Native Method)
	at java.base/java.lang.ProcessImpl.&lt;init&gt;(ProcessImpl.java:340)
	at java.base/java.lang.ProcessImpl.start(ProcessImpl.java:271)
	at java.base/java.lang.ProcessBuilder.start(ProcessBuilder.java:1107)
	... 55 common frames omitted
2021-08-08 15:40:30 [Test worker] INFO  f.ev3dev.sensors.FakeBattery - COMMAND_ERROR
2021-08-08 15:40:30 [Test worker] TRACE fake_ev3dev.BaseElement - Creating path: /tmp/ev3dev_fake_system/lego-sensor
2021-08-08 15:40:30 [Test worker] TRACE f.ev3dev.sensors.FakeLegoSensor - Creating ports: ev3-ports:in1
2021-08-08 15:40:30 [Test worker] TRACE fake_ev3dev.BaseElement - Creating path: /tmp/ev3dev_fake_system/lego-sensor/sensor1
2021-08-08 15:40:30 [Test worker] DEBUG ev3dev.hardware.EV3DevDistros - Providing an EV3DevDistros instance
2021-08-08 15:40:30 [Test worker] INFO  ev3dev.hardware.EV3DevSensorDevice - Connecting with device: lego-ev3-gyro
2021-08-08 15:40:30 [Test worker] TRACE ev3dev.hardware.EV3DevDevice - Retrieving devices in path: 
2021-08-08 15:40:30 [Test worker] TRACE ev3dev.utils.Sysfs - ls /tmp/ev3dev_fake_system/lego-sensor
2021-08-08 15:40:30 [Test worker] TRACE ev3dev.hardware.EV3DevDevice - Checking devices on: /tmp/ev3dev_fake_system/lego-sensor
2021-08-08 15:40:30 [Test worker] TRACE ev3dev.hardware.EV3DevDevice - Device 1:
2021-08-08 15:40:30 [Test worker] TRACE ev3dev.utils.Sysfs - cat /tmp/ev3dev_fake_system/lego-sensor/sensor1/address
2021-08-08 15:40:30 [Test worker] TRACE ev3dev.utils.Sysfs - value: ev3-ports:in1
2021-08-08 15:40:30 [Test worker] TRACE ev3dev.hardware.EV3DevDevice - Port expected: ev3-ports:in1, actual: ev3-ports:in1.
2021-08-08 15:40:30 [Test worker] DEBUG ev3dev.hardware.EV3DevDevice - Detected device on path: /tmp/ev3dev_fake_system/lego-sensor/sensor1/address, ev3-ports:in1
2021-08-08 15:40:30 [Test worker] TRACE ev3dev.hardware.EV3DevSensorDevice - Connected
2021-08-08 15:40:30 [Test worker] TRACE ev3dev.utils.Sysfs - cat /tmp/ev3dev_fake_system/lego-sensor/sensor1/mode
2021-08-08 15:40:30 [Test worker] TRACE ev3dev.utils.Sysfs - value: BOGUS-MODE
2021-08-08 15:40:30 [Test worker] TRACE ev3dev.utils.Sysfs - echo GYRO-RATE &gt; /tmp/ev3dev_fake_system/lego-sensor/sensor1/mode
2021-08-08 15:40:30 [Test worker] TRACE ev3dev.utils.Sysfs - cat /tmp/ev3dev_fake_system/lego-sensor/sensor1/value0
2021-08-08 15:40:30 [Test worker] TRACE ev3dev.utils.Sysfs - value: 10
</pre>
</span>
</div>
</div>
<div id="footer">
<p>
<div>
<label class="hidden" id="label-for-line-wrapping-toggle" for="line-wrapping-toggle">Wrap lines
<input id="line-wrapping-toggle" type="checkbox" autocomplete="off"/>
</label>
</div>Generated by 
<a href="http://www.gradle.org">Gradle 5.6.1</a> at 8 aug. 2021 15:40:48</p>
</div>
</div>
</body>
</html>
